
Showing logs for build [32mcb-kubecd-environment-pr-73-2-b-qv6lj-1[0m stage [32mfrom-build-pack[0m and container [32mstep-credential-initializer-cr9wq[0m
{"level":"warn","ts":1574360169.6743803,"logger":"fallback-logger","caller":"logging/config.go:69","msg":"Fetch GitHub commit ID from kodata failed: \"ref: refs/heads/master\" is not a valid GitHub commit ID"}
{"level":"info","ts":1574360169.678182,"logger":"fallback-logger","caller":"creds-init/main.go:40","msg":"Credentials initialized."}

Showing logs for build [32mcb-kubecd-environment-pr-73-2-b-qv6lj-1[0m stage [32mfrom-build-pack[0m and container [32mstep-working-dir-initializer-rx6dk[0m
{"level":"warn","ts":1574360171.0659482,"logger":"fallback-logger","caller":"logging/config.go:69","msg":"Fetch GitHub commit ID from kodata failed: open /var/run/ko/HEAD: no such file or directory"}
{"level":"info","ts":1574360171.068188,"logger":"fallback-logger","caller":"bash/main.go:65","msg":"Successfully executed command \"mkdir -p /workspace/source\""}

Showing logs for build [32mcb-kubecd-environment-pr-73-2-b-qv6lj-1[0m stage [32mfrom-build-pack[0m and container [32mstep-place-tools[0m

Showing logs for build [32mcb-kubecd-environment-pr-73-2-b-qv6lj-1[0m stage [32mfrom-build-pack[0m and container [32mstep-git-source-cb-kubecd-environment-pr-73-2-b-t4gx4[0m
{"level":"warn","ts":1574360200.0800295,"logger":"fallback-logger","caller":"logging/config.go:69","msg":"Fetch GitHub commit ID from kodata failed: \"ref: refs/heads/master\" is not a valid GitHub commit ID"}
{"level":"info","ts":1574360201.1852458,"logger":"fallback-logger","caller":"git/git.go:102","msg":"Successfully cloned https://github.com/cb-kubecd/environment-pr-73-2-boot-vault-gke-staging.git @ master in path /workspace/source"}

Showing logs for build [32mcb-kubecd-environment-pr-73-2-b-qv6lj-1[0m stage [32mfrom-build-pack[0m and container [32mstep-git-merge[0m
Using SHAs from PULL_REFS=master:325e9f9aea8a1bd95a849647f25a68ff60a0c025,2:2a11ae0dc1822e35e88211d57715a8b731160cf3
DEBUG: ran git fetch --unshallow origin 2a11ae0dc1822e35e88211d57715a8b731160cf3: 325e9f9aea8a1bd95a849647f25a68ff60a0c025: in 
DEBUG: ran git checkout master in 
DEBUG: ran git reset --hard 325e9f9aea8a1bd95a849647f25a68ff60a0c025 in 
DEBUG: ran clean --force -d . in 
DEBUG: ran git merge 2a11ae0dc1822e35e88211d57715a8b731160cf3 in 
Merged SHA 2a11ae0dc1822e35e88211d57715a8b731160cf3 with commit message 'chore: Promote bdd-gh-1574359919 to version 0.0.1' into base branch master

Showing logs for build [32mcb-kubecd-environment-pr-73-2-b-qv6lj-1[0m stage [32mfrom-build-pack[0m and container [32mstep-build-helm-build[0m
WARNING: No $CHART_REPOSITORY defined so using the default value of: http://jenkins-x-chartmuseum:8080
Adding missing Helm repo: storage.googleapis.com https://storage.googleapis.com/chartmuseum.jenkins-x.io
Read credentials for https://storage.googleapis.com/chartmuseum.jenkins-x.io from vault helm/repos
Successfully added Helm repository storage.googleapis.com.
Adding missing Helm repo: jenkins-x-chartmuseum http://jenkins-x-chartmuseum:8080
Read credentials for http://jenkins-x-chartmuseum:8080 from vault helm/repos
Successfully added Helm repository jenkins-x-chartmuseum.
WARNING: No $CHART_REPOSITORY defined so using the default value of: http://jenkins-x-chartmuseum:8080
Adding missing Helm repo: chartmuseum.jenkins-x.io http://chartmuseum.jenkins-x.io
Read credentials for http://chartmuseum.jenkins-x.io from vault helm/repos
Successfully added Helm repository chartmuseum.jenkins-x.io.
