
Showing logs for build [32mcb-kubecd-environment-pr-73-2-b-2x98z-1[0m stage [32mfrom-build-pack[0m and container [32mstep-credential-initializer-6wlpf[0m
{"level":"warn","ts":1574358246.3234825,"logger":"fallback-logger","caller":"logging/config.go:69","msg":"Fetch GitHub commit ID from kodata failed: \"ref: refs/heads/master\" is not a valid GitHub commit ID"}
{"level":"info","ts":1574358246.3243783,"logger":"fallback-logger","caller":"creds-init/main.go:40","msg":"Credentials initialized."}

Showing logs for build [32mcb-kubecd-environment-pr-73-2-b-2x98z-1[0m stage [32mfrom-build-pack[0m and container [32mstep-working-dir-initializer-4swmp[0m
{"level":"warn","ts":1574358247.5160353,"logger":"fallback-logger","caller":"logging/config.go:69","msg":"Fetch GitHub commit ID from kodata failed: open /var/run/ko/HEAD: no such file or directory"}
{"level":"info","ts":1574358247.5234241,"logger":"fallback-logger","caller":"bash/main.go:65","msg":"Successfully executed command \"mkdir -p /workspace/source\""}

Showing logs for build [32mcb-kubecd-environment-pr-73-2-b-2x98z-1[0m stage [32mfrom-build-pack[0m and container [32mstep-place-tools[0m

Showing logs for build [32mcb-kubecd-environment-pr-73-2-b-2x98z-1[0m stage [32mfrom-build-pack[0m and container [32mstep-git-source-cb-kubecd-environment-pr-73-2-b-xnnws[0m
{"level":"warn","ts":1574358253.5908954,"logger":"fallback-logger","caller":"logging/config.go:69","msg":"Fetch GitHub commit ID from kodata failed: \"ref: refs/heads/master\" is not a valid GitHub commit ID"}
{"level":"info","ts":1574358254.7586262,"logger":"fallback-logger","caller":"git/git.go:102","msg":"Successfully cloned https://github.com/cb-kubecd/environment-pr-73-2-boot-vault-gke-staging.git @ master in path /workspace/source"}

Showing logs for build [32mcb-kubecd-environment-pr-73-2-b-2x98z-1[0m stage [32mfrom-build-pack[0m and container [32mstep-git-merge[0m
Using SHAs from PULL_REFS=master:77f512e68de57882c6c38a859ee58adf0b0ab373,1:05eed7604c49e8bd08606e5422800c10e17e942a
DEBUG: ran git fetch --unshallow origin 05eed7604c49e8bd08606e5422800c10e17e942a: 77f512e68de57882c6c38a859ee58adf0b0ab373: in 
DEBUG: ran git checkout master in 
DEBUG: ran git reset --hard 77f512e68de57882c6c38a859ee58adf0b0ab373 in 
DEBUG: ran clean --force -d . in 
DEBUG: ran git merge 05eed7604c49e8bd08606e5422800c10e17e942a in 
Merged SHA 05eed7604c49e8bd08606e5422800c10e17e942a with commit message 'chore: Promote bdd-spring-1574357945 to version 0.0.1' into base branch master

Showing logs for build [32mcb-kubecd-environment-pr-73-2-b-2x98z-1[0m stage [32mfrom-build-pack[0m and container [32mstep-build-helm-build[0m
WARNING: No $CHART_REPOSITORY defined so using the default value of: http://jenkins-x-chartmuseum:8080
Waiting for vault to be initialized and unsealed...
Adding missing Helm repo: storage.googleapis.com https://storage.googleapis.com/chartmuseum.jenkins-x.io
Read credentials for https://storage.googleapis.com/chartmuseum.jenkins-x.io from vault helm/repos
Successfully added Helm repository storage.googleapis.com.
Adding missing Helm repo: jenkins-x-chartmuseum http://jenkins-x-chartmuseum:8080
Read credentials for http://jenkins-x-chartmuseum:8080 from vault helm/repos
Successfully added Helm repository jenkins-x-chartmuseum.
WARNING: No $CHART_REPOSITORY defined so using the default value of: http://jenkins-x-chartmuseum:8080
Adding missing Helm repo: chartmuseum.jenkins-x.io http://chartmuseum.jenkins-x.io
Read credentials for http://chartmuseum.jenkins-x.io from vault helm/repos
Successfully added Helm repository chartmuseum.jenkins-x.io.
