
Showing logs for build [32mcb-kubecd-environment-pr-73-2-b-9sjxr-1[0m stage [32mfrom-build-pack[0m and container [32mstep-credential-initializer-4dxt6[0m
{"level":"warn","ts":1574361352.304296,"logger":"fallback-logger","caller":"logging/config.go:69","msg":"Fetch GitHub commit ID from kodata failed: \"ref: refs/heads/master\" is not a valid GitHub commit ID"}
{"level":"info","ts":1574361352.305287,"logger":"fallback-logger","caller":"creds-init/main.go:40","msg":"Credentials initialized."}

Showing logs for build [32mcb-kubecd-environment-pr-73-2-b-9sjxr-1[0m stage [32mfrom-build-pack[0m and container [32mstep-working-dir-initializer-j2b4n[0m
{"level":"warn","ts":1574361353.7879207,"logger":"fallback-logger","caller":"logging/config.go:69","msg":"Fetch GitHub commit ID from kodata failed: open /var/run/ko/HEAD: no such file or directory"}
{"level":"info","ts":1574361353.7903066,"logger":"fallback-logger","caller":"bash/main.go:65","msg":"Successfully executed command \"mkdir -p /workspace/source\""}

Showing logs for build [32mcb-kubecd-environment-pr-73-2-b-9sjxr-1[0m stage [32mfrom-build-pack[0m and container [32mstep-place-tools[0m

Showing logs for build [32mcb-kubecd-environment-pr-73-2-b-9sjxr-1[0m stage [32mfrom-build-pack[0m and container [32mstep-git-source-cb-kubecd-environment-pr-73-2-b-74kd8[0m
{"level":"warn","ts":1574361358.9664478,"logger":"fallback-logger","caller":"logging/config.go:69","msg":"Fetch GitHub commit ID from kodata failed: \"ref: refs/heads/master\" is not a valid GitHub commit ID"}
{"level":"info","ts":1574361360.000869,"logger":"fallback-logger","caller":"git/git.go:102","msg":"Successfully cloned https://github.com/cb-kubecd/environment-pr-73-2-boot-vault-gke-staging.git @ master in path /workspace/source"}

Showing logs for build [32mcb-kubecd-environment-pr-73-2-b-9sjxr-1[0m stage [32mfrom-build-pack[0m and container [32mstep-git-merge[0m
Using SHAs from PULL_REFS=master:47ddfac1fea6cdffb3a0321c4c90d01c45b92239,3:569ebfc47c1607e010b160d2067d33bb4b696ae8
DEBUG: ran git fetch --unshallow origin 569ebfc47c1607e010b160d2067d33bb4b696ae8: 47ddfac1fea6cdffb3a0321c4c90d01c45b92239: in 
DEBUG: ran git checkout master in 
DEBUG: ran git reset --hard 47ddfac1fea6cdffb3a0321c4c90d01c45b92239 in 
DEBUG: ran clean --force -d . in 
DEBUG: ran git merge 569ebfc47c1607e010b160d2067d33bb4b696ae8 in 
Merged SHA 569ebfc47c1607e010b160d2067d33bb4b696ae8 with commit message 'chore: Promote bdd-sbhg-1574359919 to version 0.0.1' into base branch master

Showing logs for build [32mcb-kubecd-environment-pr-73-2-b-9sjxr-1[0m stage [32mfrom-build-pack[0m and container [32mstep-build-helm-build[0m
WARNING: No $CHART_REPOSITORY defined so using the default value of: http://jenkins-x-chartmuseum:8080
Adding missing Helm repo: storage.googleapis.com https://storage.googleapis.com/chartmuseum.jenkins-x.io
Read credentials for https://storage.googleapis.com/chartmuseum.jenkins-x.io from vault helm/repos
Successfully added Helm repository storage.googleapis.com.
Adding missing Helm repo: jenkins-x-chartmuseum http://jenkins-x-chartmuseum:8080
Read credentials for http://jenkins-x-chartmuseum:8080 from vault helm/repos
Successfully added Helm repository jenkins-x-chartmuseum.
WARNING: No $CHART_REPOSITORY defined so using the default value of: http://jenkins-x-chartmuseum:8080
Adding missing Helm repo: chartmuseum.jenkins-x.io http://chartmuseum.jenkins-x.io
Read credentials for http://chartmuseum.jenkins-x.io from vault helm/repos
Successfully added Helm repository chartmuseum.jenkins-x.io.
